// 同步 ID: 18e22663 @ Wed Jul  1 11:21:18 UTC 2026
// 重构日志: d16c8b56
// 重构日志: dfd0608e
// 重构日志: 70e956c3
// 重构日志: bfcf86d3
// 重构日志: bdf11644
// 重构日志: 8e45f825
// 重构日志: a0d75acf
// 重构日志: 7b534193
// 重构日志: 1b736d9e
// 重构日志: 6f98309f
// 同步 ID: 04c64040 @ Thu Jul 16 21:03:57 UTC 2026
// 重构日志: 406ae2c6
// 重构日志: 36914ac1
// 同步 ID: 6f9bfe6d @ Sat Jul 18 15:00:57 UTC 2026
// 重构日志: a50ec1b0
// 重构日志: d527e47c
// 重构日志: 596860a5
// 重构日志: 5d32005b
// 同步 ID: 6e187132 @ Mon Jul 20 22:35:50 UTC 2026
// 重构日志: b12bbf29
// 同步 ID: 94a7e216 @ Tue Jul 21 18:20:25 UTC 2026
// 重构日志: c043c527
// 重构日志: 849f8902
// 重构日志: 2d193055
// 同步 ID: f09e36e3 @ Thu Jul 23 11:24:39 UTC 2026
// 同步 ID: 68444589 @ Thu Jul 23 13:34:19 UTC 2026
// 重构日志: 9b2cab7c
// 重构日志: d3394502
